<?xml version="1.0" encoding="UTF-8"?>
<testng-results ignored="0" total="9" passed="9" failed="0" skipped="0">
  <reporter-output>
  </reporter-output>
  <suite started-at="2023-11-11T10:22:06 IST" name="Surefire suite" finished-at="2023-11-11T10:24:35 IST" duration-ms="148212">
    <groups>
      <group name="cucumber">
        <method signature="AbstractTestNGCucumberTests.runScenario(io.cucumber.testng.PickleWrapper,io.cucumber.testng.FeatureWrapper)[pri:0, instance:parallel.RunnerTest@1677d1]" name="runScenario" class="io.cucumber.testng.AbstractTestNGCucumberTests"/>
        <method signature="AbstractTestNGCucumberTests.runScenario(io.cucumber.testng.PickleWrapper,io.cucumber.testng.FeatureWrapper)[pri:0, instance:parallelExecution.BrowserlaunchTest@1e802ef9]" name="runScenario" class="io.cucumber.testng.AbstractTestNGCucumberTests"/>
      </group> <!-- cucumber -->
    </groups>
    <test started-at="2023-11-11T10:22:06 IST" name="Surefire test" finished-at="2023-11-11T10:24:35 IST" duration-ms="148212">
      <class name="parallel.RunnerTest">
        <test-method is-config="true" signature="setUpClass(org.testng.ITestContext)[pri:0, instance:parallel.RunnerTest@1677d1]" started-at="2023-11-11T10:22:06 IST" name="setUpClass" finished-at="2023-11-11T10:22:07 IST" duration-ms="197" status="PASS">
          <params>
            <param index="0">
              <value>
                <![CDATA[org.testng.TestRunner@a8ef162]]>
              </value>
            </param>
          </params>
          <reporter-output>
          </reporter-output>
        </test-method> <!-- setUpClass -->
        <test-method signature="runScenario(io.cucumber.testng.PickleWrapper,io.cucumber.testng.FeatureWrapper)[pri:0, instance:parallel.RunnerTest@1677d1]" started-at="2023-11-11T10:22:07 IST" name="runScenario" description="Runs Cucumber Scenarios" data-provider="scenarios" finished-at="2023-11-11T10:22:07 IST" duration-ms="115" status="PASS">
          <params>
            <param index="0">
              <value>
                <![CDATA["Scenario Outline Row 2"]]>
              </value>
            </param>
            <param index="1">
              <value>
                <![CDATA["Scenario Outlines feature file"]]>
              </value>
            </param>
          </params>
          <reporter-output>
          </reporter-output>
        </test-method> <!-- runScenario -->
        <test-method signature="runScenario(io.cucumber.testng.PickleWrapper,io.cucumber.testng.FeatureWrapper)[pri:0, instance:parallel.RunnerTest@1677d1]" started-at="2023-11-11T10:22:07 IST" name="runScenario" description="Runs Cucumber Scenarios" data-provider="scenarios" finished-at="2023-11-11T10:22:07 IST" duration-ms="115" status="PASS">
          <params>
            <param index="0">
              <value>
                <![CDATA["Scenario Number Two"]]>
              </value>
            </param>
            <param index="1">
              <value>
                <![CDATA["Scenarios feature file"]]>
              </value>
            </param>
          </params>
          <reporter-output>
          </reporter-output>
        </test-method> <!-- runScenario -->
        <test-method signature="runScenario(io.cucumber.testng.PickleWrapper,io.cucumber.testng.FeatureWrapper)[pri:0, instance:parallel.RunnerTest@1677d1]" started-at="2023-11-11T10:22:07 IST" name="runScenario" description="Runs Cucumber Scenarios" data-provider="scenarios" finished-at="2023-11-11T10:22:07 IST" duration-ms="115" status="PASS">
          <params>
            <param index="0">
              <value>
                <![CDATA["Scenario Outline Row 1"]]>
              </value>
            </param>
            <param index="1">
              <value>
                <![CDATA["Scenario Outlines feature file"]]>
              </value>
            </param>
          </params>
          <reporter-output>
          </reporter-output>
        </test-method> <!-- runScenario -->
        <test-method signature="runScenario(io.cucumber.testng.PickleWrapper,io.cucumber.testng.FeatureWrapper)[pri:0, instance:parallel.RunnerTest@1677d1]" started-at="2023-11-11T10:22:07 IST" name="runScenario" description="Runs Cucumber Scenarios" data-provider="scenarios" finished-at="2023-11-11T10:22:07 IST" duration-ms="115" status="PASS">
          <params>
            <param index="0">
              <value>
                <![CDATA["Scenario Number One"]]>
              </value>
            </param>
            <param index="1">
              <value>
                <![CDATA["Scenarios feature file"]]>
              </value>
            </param>
          </params>
          <reporter-output>
          </reporter-output>
        </test-method> <!-- runScenario -->
        <test-method is-config="true" signature="tearDownClass()[pri:0, instance:parallel.RunnerTest@1677d1]" started-at="2023-11-11T10:22:07 IST" name="tearDownClass" finished-at="2023-11-11T10:22:07 IST" duration-ms="2" status="PASS">
          <reporter-output>
          </reporter-output>
        </test-method> <!-- tearDownClass -->
      </class> <!-- parallel.RunnerTest -->
      <class name="parallelExecution.BrowserlaunchTest">
        <test-method is-config="true" signature="setUpClass(org.testng.ITestContext)[pri:0, instance:parallelExecution.BrowserlaunchTest@1e802ef9]" started-at="2023-11-11T10:22:07 IST" name="setUpClass" finished-at="2023-11-11T10:22:07 IST" duration-ms="12" status="PASS">
          <params>
            <param index="0">
              <value>
                <![CDATA[org.testng.TestRunner@a8ef162]]>
              </value>
            </param>
          </params>
          <reporter-output>
          </reporter-output>
        </test-method> <!-- setUpClass -->
        <test-method signature="runScenario(io.cucumber.testng.PickleWrapper,io.cucumber.testng.FeatureWrapper)[pri:0, instance:parallelExecution.BrowserlaunchTest@1e802ef9]" started-at="2023-11-11T10:22:07 IST" name="runScenario" description="Runs Cucumber Scenarios" data-provider="scenarios" finished-at="2023-11-11T10:23:16 IST" duration-ms="69671" status="PASS">
          <params>
            <param index="0">
              <value>
                <![CDATA["Launch Facebook"]]>
              </value>
            </param>
            <param index="1">
              <value>
                <![CDATA["Launching url's in Parallel execution"]]>
              </value>
            </param>
          </params>
          <reporter-output>
          </reporter-output>
        </test-method> <!-- runScenario -->
        <test-method signature="runScenario(io.cucumber.testng.PickleWrapper,io.cucumber.testng.FeatureWrapper)[pri:0, instance:parallelExecution.BrowserlaunchTest@1e802ef9]" started-at="2023-11-11T10:22:07 IST" name="runScenario" description="Runs Cucumber Scenarios" data-provider="scenarios" finished-at="2023-11-11T10:23:52 IST" duration-ms="105636" status="PASS">
          <params>
            <param index="0">
              <value>
                <![CDATA["Launch Websites"]]>
              </value>
            </param>
            <param index="1">
              <value>
                <![CDATA["Launch website using info from dataTable"]]>
              </value>
            </param>
          </params>
          <reporter-output>
          </reporter-output>
        </test-method> <!-- runScenario -->
        <test-method signature="runScenario(io.cucumber.testng.PickleWrapper,io.cucumber.testng.FeatureWrapper)[pri:0, instance:parallelExecution.BrowserlaunchTest@1e802ef9]" started-at="2023-11-11T10:22:07 IST" name="runScenario" description="Runs Cucumber Scenarios" data-provider="scenarios" finished-at="2023-11-11T10:24:35 IST" duration-ms="147841" status="PASS">
          <params>
            <param index="0">
              <value>
                <![CDATA["Launch Websites"]]>
              </value>
            </param>
            <param index="1">
              <value>
                <![CDATA["Launch website using info from dataTable"]]>
              </value>
            </param>
          </params>
          <reporter-output>
          </reporter-output>
        </test-method> <!-- runScenario -->
        <test-method signature="runScenario(io.cucumber.testng.PickleWrapper,io.cucumber.testng.FeatureWrapper)[pri:0, instance:parallelExecution.BrowserlaunchTest@1e802ef9]" started-at="2023-11-11T10:22:07 IST" name="runScenario" description="Runs Cucumber Scenarios" data-provider="scenarios" finished-at="2023-11-11T10:23:09 IST" duration-ms="62583" status="PASS">
          <params>
            <param index="0">
              <value>
                <![CDATA["Launch google Website"]]>
              </value>
            </param>
            <param index="1">
              <value>
                <![CDATA["Launching url's in Parallel execution"]]>
              </value>
            </param>
          </params>
          <reporter-output>
          </reporter-output>
        </test-method> <!-- runScenario -->
        <test-method signature="runScenario(io.cucumber.testng.PickleWrapper,io.cucumber.testng.FeatureWrapper)[pri:0, instance:parallelExecution.BrowserlaunchTest@1e802ef9]" started-at="2023-11-11T10:22:07 IST" name="runScenario" description="Runs Cucumber Scenarios" data-provider="scenarios" finished-at="2023-11-11T10:22:50 IST" duration-ms="43263" status="PASS">
          <params>
            <param index="0">
              <value>
                <![CDATA["Launch Websites"]]>
              </value>
            </param>
            <param index="1">
              <value>
                <![CDATA["Launch website using info from dataTable"]]>
              </value>
            </param>
          </params>
          <reporter-output>
          </reporter-output>
        </test-method> <!-- runScenario -->
        <test-method is-config="true" signature="tearDownClass()[pri:0, instance:parallelExecution.BrowserlaunchTest@1e802ef9]" started-at="2023-11-11T10:24:35 IST" name="tearDownClass" finished-at="2023-11-11T10:24:35 IST" duration-ms="1" status="PASS">
          <reporter-output>
          </reporter-output>
        </test-method> <!-- tearDownClass -->
      </class> <!-- parallelExecution.BrowserlaunchTest -->
    </test> <!-- Surefire test -->
  </suite> <!-- Surefire suite -->
</testng-results>
